<?xml version="1.0" encoding="UTF-8"?>
<testng-results ignored="0" total="1" passed="1" failed="0" skipped="0">
  <reporter-output>
  </reporter-output>
  <suite started-at="2026-02-18T22:51:16 IST" name="Default suite" finished-at="2026-02-18T22:51:28 IST" duration-ms="12650">
    <groups>
    </groups>
    <test started-at="2026-02-18T22:51:16 IST" name="Default test" finished-at="2026-02-18T22:51:28 IST" duration-ms="12650">
      <class name="Selenium.SoftassertTest">
        <test-method signature="softassert()[pri:0, instance:Selenium.SoftassertTest@f1da57d]" started-at="2026-02-18T22:51:16 IST" name="softassert" finished-at="2026-02-18T22:51:28 IST" duration-ms="12410" status="PASS">
          <reporter-output>
          </reporter-output>
        </test-method> <!-- softassert -->
      </class> <!-- Selenium.SoftassertTest -->
    </test> <!-- Default test -->
  </suite> <!-- Default suite -->
</testng-results>
